1 0.6399 1.10515 -1.40111 -0.0673179 -0.152804 0.477554 -0.523779 0.00651429 0.00801071 -0.0415179 1.54802 -0.0902036 -1.26092 -0.989721 0.237736 0.460846
1 1.24018 -0.558248 -0.201506 0.34051 -0.136173 0.421162 -1.39847 0.278036 0.717723 -2.18872 1.76383 1.00405 -1.18222 0.131278 -0.96784 -1.38957
1 0.530734 0.475733 1.11245 0.513609 0.168578 -1.28508 1.9761 -0.527704 -0.38255 1.47739 1.6953 0.634881 -0.695454 0.529166 0.382197 -0.480829
1 0.327698 2.03774 0.0627022 -0.687207 2.13212 3.85611 -3.11792 -0.100873 3.71766 -1.0924 0.312872 -1.63459 -0.350288 -0.496298 0.878968 -0.991
1 1.53268 -0.27787 0.567938 0.0195704 -0.339029 0.745647 0.403688 -1.26728 -0.663958 2.10438 0.2761 -1.19793 0.252087 0.108573 0.901808 0.0799663
1 -0.371426 -1.59368 1.26624 -1.34956 -0.138159 0.426182 0.931372 0.407466 -0.607609 -0.286133 -0.475329 1.63553 0.522999 0.00305661 1.80832 -0.47622
1 -1.06984 0.717071 0.0733086 -1.758 1.8814 2.75637 -0.795735 0.559941 0.867653 -0.0501383 -0.860865 -1.23206 -0.465213 -1.09776 1.94428 -0.0159631
1 0.430357 -2.62078 0.548353 0.375821 0.163429 -1.53971 0.490329 -1.0463 0.571111 -1.60643 -0.592076 0.937348 1.49879 2.18624 -1.0545 0.0061463
1 1.36559 -0.0940311 1.46295 0.929386 -0.11717 -0.678136 -0.52098 -1.54652 1.83229 -0.25997 -0.247539 -0.652849 1.17295 1.54056 -0.828471 -0.837616
1 0.165105 0.562965 -2.56789 -0.91817 0.680559 2.1204 -1.64099 0.190547 0.953452 -1.23459 0.6442 -0.602833 -0.723698 -0.683845 0.497669 1.23884
1 1.42827 0.220232 0.304155 -0.668657 0.998787 2.91907 -1.14196 -0.860314 0.496541 0.739796 1.33458 0.0222686 0.233588 -0.548422 1.20091 -0.0450473
1 -1.60504 0.896704 0.953698 -0.640073 0.296939 -0.203344 1.08724 1.31018 -0.84754 1.02245 -0.898499 -1.16626 -1.05253 -0.397003 -0.0400745 -0.449627
1 -0.0104919 2.22028 1.25495 0.668863 1.40716 -0.195709 -0.260667 -0.679373 2.0335 0.53101 0.400273 -0.999203 -0.115844 0.259159 -0.304219 -0.713318
1 -1.78023 1.02364 -0.903492 -0.201191 2.89189 0.457913 -0.125246 0.554376 0.155495 -0.0175751 0.234437 -0.247764 -1.13449 -1.46259 0.458711 0.385177
1 -0.586315 1.1797 -0.416448 -1.08404 0.368956 -0.152928 0.481265 -0.627785 0.0466359 0.58508 -0.758907 -0.274208 0.88941 -0.470775 1.13499 1.87967
1 -0.220055 -1.88067 -0.793612 -1.49337 0.621132 2.29539 -1.93381 0.00741704 0.762451 -1.9461 -1.9717 -0.802802 0.81982 -0.229035 0.907288 0.236145
1 0.914956 0.137421 0.323947 -1.57937 -0.259436 4.05082 -3.03377 0.406426 2.4451 -1.47844 -0.879368 -2.02658 -0.0323881 0.230553 0.583855 -1.18818
1 1.08443 0.804403 -0.753104 -1.27724 -1.5783 1.9171 -1.50363 -0.0240502 -0.0847991 0.864393 -0.190334 -1.83214 -0.545725 -1.12451 0.693171 0.448092
1 -0.154582 0.00649877 1.70693 -0.517834 1.23097 0.355924 0.00446869 -0.645022 0.738186 -0.229306 -0.388229 1.5217 1.33757 -0.330901 1.6565 -0.394105
1 2.111 0.744824 -0.991702 1.19595 -1.32791 1.01157 -3.1787 -0.536319 2.13291 -1.77234 0.673868 -1.02892 -0.334803 -0.152969 -1.33139 -1.04904
1 -0.292042 -1.48434 -0.0355724 -0.766459 1.57981 -0.785267 0.122328 -1.3701 -0.154127 -0.348868 -1.29099 -0.474262 1.33734 0.623545 -0.459936 1.43824
1 0.543207 0.619859 1.04974 0.472023 0.0367034 -1.21792 2.00306 -0.451989 -0.48562 1.62585 1.7403 0.487536 -0.848204 0.426283 0.417572 -0.466268
1 0.744073 -1.74674 1.29917 -0.728919 -1.24183 0.646406 -0.989738 -0.340373 1.05265 -1.72229 -1.40625 0.757463 1.70864 0.911561 0.545454 -0.816035
1 -1.08942 -0.710527 0.131843 -1.35264 0.603319 1.03837 -0.215083 0.504537 -0.559058 -0.265594 -2.11402 -1.39185 0.0347254 -0.615921 0.851626 0.145554
1 -1.33852 0.125184 0.606244 0.626942 1.04608 -0.686376 0.651979 0.167824 -0.350214 1.25445 -0.299158 1.83075 1.12817 -0.654131 0.781458 0.139638
1 2.13736 0.665636 -0.875701 1.16741 -1.30782 1.10201 -3.24541 -0.521427 2.27504 -1.92358 0.675221 -0.960552 -0.288804 -0.0490405 -1.3296 -1.17325
1 1.16721 -0.690623 0.396979 -0.566883 -0.69806 -0.255694 -0.37469 -1.11679 -0.48704 0.20175 0.405727 1.72132 1.05693 -0.886837 1.23657 0.423526
1 0.161205 1.56008 0.738013 0.483473 0.682377 0.749202 -1.91848 0.0236142 2.33991 -1.09649 -0.409324 -1.82373 -0.32496 0.396843 -1.42844 -1.23636
1 1.72713 2.30533 0.0963833 0.640546 -0.255377 1.96955 -3.18477 -0.626055 2.67071 -0.438212 0.463367 -2.29012 -0.532604 -0.518422 -0.718256 -1.25277
1 0.513327 -2.26197 0.185673 -1.48419 -0.999739 0.957675 -0.111156 0.792123 -0.895028 -1.33692 0.403018 1.52645 -0.463687 -0.00238113 0.845659 -0.686299
1 1.01139 0.773624 1.70724 0.207615 0.966624 0.0739694 0.585737 -1.77102 1.29879 1.82702 0.569588 -0.411931 0.962449 0.725959 0.998515 -0.168033
1 1.59569 0.111164 0.917741 -0.245971 -1.99775 -0.10075 -1.12826 -1.1079 0.0281321 0.540193 -0.58723 -0.146726 1.18147 -0.530651 0.323628 -0.070803
1 0.329159 -0.307495 0.901139 -1.80703 -0.217968 2.10704 -0.320761 0.169774 0.568093 0.102801 0.0903757 0.61074 0.185819 -0.509446 2.34859 -0.443165
1 -0.354118 0.565232 -2.43974 1.39398 0.739146 0.978022 -1.36909 0.439956 0.679588 0.833074 1.25986 0.0825495 -0.60976 -0.851411 -0.402126 0.321709
1 0.170025 -0.618074 -1.77525 0.930119 0.172187 -1.48695 0.43524 0.139245 -0.836807 -1.82172 1.06919 0.883866 -1.06367 0.143139 -1.07307 0.453024
1 0.910387 -0.529519 0.663081 0.693751 -0.113688 -1.55476 1.67616 -0.766314 -0.78631 1.00555 1.64339 1.07595 -0.376646 0.641088 0.0303042 -0.292516
1 0.832341 0.438882 -0.0179059 0.260024 -0.556088 -0.504935 0.627647 -0.0294941 -0.595947 0.450706 1.78579 0.585212 -1.23041 -0.379482 0.161465 -0.419653
1 0.565203 0.0703674 -1.92217 -0.755706 -0.455741 0.836801 -0.608162 0.338246 -0.509661 -0.660487 1.31636 0.211725 -1.26206 -0.895324 0.3171 0.799502
1 -1.19321 0.174346 -2.46162 1.18097 2.14258 -1.96357 -1.46133 -0.626289 -0.390687 -0.899039 -0.693035 -1 -0.431875 -1.59425 -2.22392 1.43477
1 -0.609557 1.68346 -0.684926 0.539321 2.43496 0.377889 -2.39935 -0.600746 1.90889 -0.944904 -0.909543 -2.29285 -0.229517 -0.83131 -1.43525 0.123409
1 1.38214 -1.12444 -0.855891 -1.72698 -1.02686 2.21708 -1.4648 -0.160553 0.0370761 -0.525965 0.763076 0.672805 -0.12614 -0.879987 1.59302 0.258405
1 0.439285 1.03677 1.14785 -1.24412 -1.20227 1.55292 -0.392065 0.611197 0.0787454 0.89795 -0.19466 -1.43556 -0.866866 -0.560364 0.874091 -0.917496
1 -0.542651 0.317535 -0.772587 -0.698189 1.52213 2.02762 -2.22327 0.304425 1.16482 -1.38051 -1.3062 -2.19141 -0.50512 -0.68669 -0.27144 -0.176563
1 1.40265 2.88813 -1.2738 1.20384 0.263389 0.840341 -2.36491 -1.10788 1.96147 0.232191 1.03868 -1.65134 -0.553766 -1.32337 -0.299381 0.154225
1 -0.958987 -0.0151285 -0.804371 0.682843 1.76697 0.862114 0.686123 -0.44386 0.0952145 -0.16004 -2.10506 -1.65825 1.05155 0.559186 1.05454 0.995694
1 -0.0139657 0.822321 1.02529 -0.404393 -0.840813 -0.322068 1.5976 0.68254 -1.04913 1.41417 1.01403 0.113867 -1.34303 -0.385216 0.817224 -0.700253
1 1.09867 -0.585214 -0.106832 0.161756 -0.0759687 0.588701 -1.30547 0.374458 0.723157 -2.14523 1.63615 0.990606 -1.1487 0.141972 -0.768619 -1.39001
1 0.475808 1.85959 -1.66673 -0.506145 -0.253899 1.5718 -1.19944 0.0732789 0.435741 0.470581 0.6324 -1.52991 -1.09125 -1.29181 0.557442 0.818794
1 0.0965215 1.38708 0.774896 1.06148 2.13827 -0.578552 -1.20944 -0.895689 2.77385 -1.39287 0.910456 0.663153 0.323565 0.288762 -0.850157 -0.787419
1 1.74577 -1.61718 -1.3537 -1.28009 -0.853808 2.40778 -2.34705 0.230407 0.287185 -2.0672 1.32282 0.69431 -0.854563 -0.465609 0.293925 -0.398655
1 2.23115 1.06996 -1.47672 1.17977 0.417487 1.27032 -3.72827 -1.22331 2.66236 -2.0434 1.79917 0.0451795 -0.27733 -0.850801 -0.849002 -0.549927
1 -1.21101 1.91309 -1.37389 0.949057 2.42338 -1.82139 -0.78076 -1.297 0.39191 1.44065 -0.499258 -1.31995 0.230291 -1.62655 -1.13349 1.81514
1 1.23804 1.26711 0.951698 0.357373 -1.40192 -0.0350602 -0.330194 -0.123099 0.189063 0.764931 0.45479 -1.71132 -1.03562 0.0901602 -0.731396 -1.13236
1 0.911346 0.189794 0.597456 1.16464 1.31648 -0.344441 -2.25832 -0.597944 2.78323 -3.13595 1.1631 1.25492 0.134449 0.659 -1.73037 -1.55005
1 0.526135 0.608163 0.10804 -0.660479 -0.813635 0.614904 0.170258 0.516415 -0.44696 0.540158 1.45727 0.44154 -1.28654 -0.840056 0.83441 -0.479585
1 0.454579 0.548236 1.6033 -0.136509 1.66591 0.0605066 0.570846 -1.6743 1.48651 1.29601 0.300595 -0.0103527 1.23184 0.752015 1.04295 0.1567
1 0.421774 1.86747 -1.69314 -0.512828 -0.258561 1.56679 -1.22131 0.105704 0.428773 0.42617 0.493316 -1.66912 -1.08305 -1.25235 0.476911 0.845841
1 0.178756 0.331685 -0.55048 -0.0772739 -1.26602 -1.39294 -0.128548 -0.480693 -0.671089 -0.306355 -0.825564 -0.0503227 0.809953 -0.184671 -0.668808 1.28675
1 0.392304 -1.84036 0.0885069 -0.729904 0.596581 1.53963 -1.36853 0.966651 0.832091 -3.3068 0.634945 1.14134 -0.848111 0.669802 -0.380372 -1.57828
1 -0.410095 -0.103869 0.284128 0.530578 1.71204 -0.325624 -0.782604 0.403163 1.2857 -2.33809 0.762448 1.03836 -0.620687 0.357389 -1.13166 -1.12151
1 -1.3321 0.335987 0.621915 0.779811 0.980819 -0.741221 0.616652 0.227247 -0.334335 1.35187 -0.202475 1.78049 1.04569 -0.669712 0.622545 0.0648165
1 0.528609 1.67431 -0.990833 0.81124 0.0752265 -0.583836 0.581381 -0.58138 -0.181572 0.887038 0.993946 -0.913415 -0.972689 -0.589669 0.262805 0.596713
1 0.95202 -0.612145 -2.34396 -1.49704 -0.220592 2.53567 -2.0376 0.0613398 0.4298 -1.29911 0.803829 -0.0416349 -0.541251 -0.793334 0.791784 1.01042
1 0.496546 0.376366 -0.28071 0.658467 0.0652337 -1.05893 2.03128 -0.699257 -1.30858 1.75419 1.08606 -0.112071 -0.662986 -0.0827224 0.844453 0.555586
1 0.839734 -0.2302 0.292637 -1.17083 -0.0640948 3.50458 -1.05281 1.29672 -1.04451 -0.65805 0.919318 -1.01688 -1.53659 -0.0513447 -0.78415 -1.05286
1 0.0540368 0.938153 -1.08692 0.632716 0.419158 -0.888742 1.11091 -0.230116 -0.460589 0.169937 1.12048 0.00746316 -0.990753 -0.268058 0.273905 0.654847
1 -0.365603 -0.464304 -0.879395 1.33046 0.296359 -1.0822 1.3709 -0.499717 -0.548309 -0.371196 -1.47243 -1.07679 0.544579 0.944491 0.106006 0.707774
1 -0.0164093 -0.295641 1.85496 -0.242007 0.681663 -0.526667 0.437836 -0.588432 0.0747827 -0.208016 -0.178869 1.96204 1.21118 -0.251567 1.21838 -0.499551
1 -1.10084 0.262062 0.216211 0.933996 2.97655 -0.861357 -0.466316 -0.639117 -0.144685 -0.451187 -0.235141 1.7666 0.999657 -1.30157 0.164707 0.284672
1 -1.55988 0.443297 -1.33028 -0.657194 2.17917 1.00191 -0.883951 0.43353 -0.787818 0.110164 -1.54322 -2.33429 -1.02805 -1.81872 0.145988 0.7413
1 -0.500969 2.34042 0.640961 0.745349 2.34351 -0.281172 -0.697263 -0.819755 2.19765 0.224961 0.218855 -0.933753 0.00340733 -0.249879 -0.402835 -0.229938
1 1.39352 -0.708252 -0.170018 0.360945 1.00041 1.56309 -2.96296 -0.113629 2.50854 -3.70362 1.26098 0.835428 -0.44853 0.527085 -1.07048 -1.72839
1 0.0885 0.789133 -1.6488 0.545667 0.577157 -0.386819 0.0798 -0.0228667 0.0459524 -0.844186 1.14424 0.0713762 -1.0489 -0.3338 -0.230538 0.644624
1 0.782257 0.841726 -0.244019 -0.175526 -0.634216 0.284682 0.0348979 0.178943 -0.308711 0.474519 1.73353 0.300292 -1.34369 -0.809836 0.459056 -0.325312
1 0.702802 1.30376 -1.00991 0.36624 -0.191775 -0.203142 0.202779 -0.290411 -0.265702 0.586689 1.48695 -0.340789 -1.21597 -0.767549 0.233219 0.403687
1 -0.312013 -1.39521 -0.183498 -0.900184 1.58588 -0.518841 -0.00662 -1.20341 -0.273724 -0.406643 -1.17094 -0.503492 1.15041 0.475236 -0.507028 1.46944
1 -0.167879 0.49837 -1.22502 -0.359232 1.27468 3.00164 0.0061854 0.929396 -1.53728 0.333542 0.828685 -0.698325 -1.36883 -1.17147 0.839015 0.323125
1 -1.20352 1.35251 1.45036 1.11891 0.802248 -1.555 0.945621 0.522522 -0.644522 1.15907 0.433672 1.81544 0.237859 -0.790375 -0.110773 -0.621616
1 -0.489296 -0.0385867 -1.7847 -1.25383 0.202568 0.70228 0.261742 0.717176 -0.458827 -1.02663 0.611454 0.208284 -1.00533 -0.294678 0.538889 1.21313
1 -1.47511 -1.27176 -0.0689067 0.461507 2.06143 -0.599147 2.93332 -0.0394267 -0.71278 -0.441413 -0.640407 0.884953 0.6824 1.47766 1.47645 0.729173
1 -0.000275175 -0.320674 1.84162 -0.340871 0.680555 -0.356317 0.403427 -0.60882 0.152058 -0.160466 -0.225889 1.9005 1.2559 -0.249544 1.36529 -0.472193
1 -0.454432 2.30879 0.809497 0.792071 2.28847 -0.483926 -0.486149 -0.943004 2.21507 0.366148 0.232843 -0.83599 0.141007 -0.10011 -0.360718 -0.218042
1 1.16167 -0.840082 1.1672 0.832182 -0.0371818 -0.884564 -0.297018 -1.45827 1.5259 -0.670545 -0.310582 -0.131391 1.3434 1.73402 -0.881164 -0.593955
1 -0.00722326 -0.215254 1.85908 -0.153818 0.748571 -0.574015 0.372027 -0.596713 0.107423 -0.269532 -0.130493 1.97822 1.19388 -0.259482 1.10183 -0.53151
1 -0.0594571 -0.431171 1.66896 -0.445486 0.602057 -0.298914 0.432814 -0.515986 0.0616429 -0.172886 -0.2664 1.807 1.14917 -0.276486 1.38599 -0.394143
1 -0.00885806 1.6779 0.276544 0.600016 1.32949 0.685425 -2.24693 -0.306043 2.43395 -1.08834 -0.55925 -1.94931 -0.142036 0.0370749 -1.44884 -0.798045
1 2.18689 1.07707 -1.12161 1.19945 0.479639 1.20805 -3.68672 -1.22168 2.82431 -2.12381 1.74577 0.145855 -0.170639 -0.714001 -0.870899 -0.763402
1 -0.769683 -0.0129684 -0.195489 0.453149 2.3583 -0.270332 -0.89596 0.300289 1.18943 -2.28746 0.562028 0.815088 -0.642363 -0.0408015 -1.01237 -0.673875
1 0.446856 0.758532 1.06876 0.436169 0.00425548 -1.18755 1.99481 -0.316023 -0.471545 1.58828 1.71295 0.423254 -0.961799 0.370755 0.398532 -0.528026
1 -1.1289 0.0872214 -0.729205 0.640777 1.92066 0.865941 0.878936 -0.348396 0.110816 -0.1577 -2.06676 -1.60735 0.983714 0.602073 1.14101 0.982761
1 0.352177 0.794313 -2.12152 0.103722 0.450088 0.628089 -1.02671 0.0351238 0.510283 -1.11453 1.1308 -0.174833 -1.02006 -0.673973 -0.170975 0.752861
1 0.0158667 0.77615 -1.3472 0.691428 0.583689 -0.792083 0.718694 -0.143033 -0.220278 -0.43305 1.10422 0.122322 -0.973561 -0.181328 -0.0379167 0.64165
1 0.847654 0.90116 -1.07951 -1.13356 -1.41973 1.71215 -1.31398 0.0949985 -0.22134 0.734208 -0.20073 -1.88511 -0.697144 -1.11558 0.548014 0.644086
1 0.409665 1.99358 0.0117417 -0.648139 2.1644 3.91943 -3.25992 -0.164581 3.82992 -1.20338 0.339117 -1.60471 -0.289508 -0.460683 0.841581 -0.997131
1 1.44024 -0.319591 0.432831 -0.0336865 -0.283257 0.871697 0.447199 -1.1351 -0.842206 2.09483 0.290157 -1.20081 0.13852 0.0256784 0.924748 0.132959
1 1.39207 0.0402713 1.48895 0.942331 -0.129405 -0.639775 -0.561095 -1.5556 1.87567 -0.176538 -0.228144 -0.744611 1.13528 1.49589 -0.82134 -0.861344
1 0.405291 0.600487 -1.98599 0.0930262 0.121127 0.18093 -0.615325 0.144013 -0.0142889 -1.01209 1.35201 0.110556 -1.24542 -0.701542 -0.262679 0.680209
1 0.918946 -0.666564 0.598863 0.757881 -0.254809 -1.72679 1.6684 -0.663369 -0.90534 0.821224 1.68295 1.17862 -0.475022 0.682133 -0.18445 -0.355317
1 0.102393 0.725081 0.748357 -0.346168 -0.586611 -0.0754106 1.16416 0.663617 -0.723235 0.895536 1.28841 0.377042 -1.38091 -0.409607 0.717133 -0.75409
1 0.425259 1.39545 -0.943956 0.849778 0.190533 -0.780281 0.863052 -0.611493 -0.311274 0.841759 0.940744 -0.668207 -0.844711 -0.445204 0.338233 0.63693
1 0.579455 0.487221 0.0652906 -0.397406 -0.822528 0.197342 0.394855 0.466019 -0.643745 0.482115 1.60572 0.570043 -1.37238 -0.707668 0.571421 -0.498179
1 -1.76775 0.769951 0.787659 -0.668761 0.250863 -0.157561 1.14029 1.37884 -1.0521 1.31815 -0.996966 -1.04076 -0.928969 -0.563802 0.137316 -0.276185
1 0.49281 -1.73132 0.0880241 -0.647708 0.555168 1.53349 -1.43794 0.905945 0.91098 -3.26316 0.729842 1.11058 -0.863651 0.658436 -0.421564 -1.60848
1 -0.00704085 0.633863 0.8264 -0.292661 -0.582165 -0.280966 1.42715 0.680707 -0.885575 1.01656 1.19873 0.403563 -1.34293 -0.308493 0.700982 -0.730894
1 2.05637 0.587842 -0.748719 1.09854 -1.35572 1.01431 -3.02556 -0.408129 2.12805 -1.89493 0.690766 -0.909921 -0.37892 0.0350537 -1.33619 -1.24238
1 1.56351 0.0606057 1.12601 -0.220632 -2.01367 -0.179361 -1.01559 -1.04561 0.00210632 0.493315 -0.581423 -0.0453588 1.16214 -0.45937 0.315587 -0.238311
1 -0.0704632 0.483397 -1.11605 -0.366776 1.13094 2.92785 0.0463737 0.841876 -1.56602 0.500813 0.760566 -0.834442 -1.32538 -1.1235 0.839853 0.302529
1 0.790996 0.831976 -0.330433 -0.528282 -0.772088 0.742125 -0.254363 0.314284 -0.25652 0.421676 1.64736 0.220684 -1.36516 -0.993727 0.660098 -0.281212
1 0.442004 0.723247 1.04127 0.412298 -0.0680479 -1.22034 2.04604 -0.285137 -0.569784 1.61613 1.71911 0.447684 -0.991438 0.342886 0.414122 -0.504925
1 1.0365 -0.48857 0.628423 0.639329 -0.046684 -1.41951 1.64331 -1.00315 -0.734513 1.22433 1.62863 0.992325 -0.205371 0.569248 0.264979 -0.116468
1 1.56137 0.0676116 1.04989 -0.302265 -2.01475 -0.0876877 -1.03319 -1.06698 0.0036068 0.569316 -0.629928 -0.143509 1.17352 -0.494596 0.395699 -0.148859
1 -1.55088 0.346622 -1.38942 -0.616257 2.10723 0.913243 -0.900207 0.443693 -0.84225 0.0289929 -1.58268 -2.33743 -1.02626 -1.78556 0.0343214 0.750572
1 1.70213 -1.53245 -1.30284 -1.22029 -0.860582 2.2761 -2.22424 0.25661 0.231957 -1.99253 1.37275 0.709023 -0.918893 -0.479347 0.268001 -0.423757
1 0.781357 -0.678786 0.6421 -1.38568 -0.537643 1.26003 -0.4628 -0.470743 0.228743 0.138814 0.137986 1.0885 0.714 -0.652857 2.02799 -0.0382573
1 0.708155 1.00887 -0.20294 -0.743146 -0.964406 0.92489 -0.192037 0.393118 -0.320216 0.778262 1.39665 -0.112863 -1.34965 -1.07652 0.849134 -0.235251
1 -0.251869 -1.68753 1.22526 -1.35692 -0.271083 0.379588 0.882236 0.365971 -0.679281 -0.33386 -0.434551 1.67464 0.519442 -0.00455132 1.76122 -0.464135
1 0.740552 0.767171 -0.110501 -0.0702768 -0.558474 0.0830479 0.261022 0.180767 -0.395486 0.455112 1.77457 0.387873 -1.37886 -0.681442 0.401011 -0.416037
1 0.419718 -0.452051 0.825027 -1.76578 -0.25224 2.04935 -0.403268 0.0928033 0.543485 -0.0038556 0.105475 0.715169 0.260209 -0.499111 2.29009 -0.403881
1 0.910468 -0.505809 -2.47402 -1.3418 -0.150198 2.4322 -2.03501 0.15824 0.426212 -1.42922 0.929024 -0.116066 -0.744077 -0.746561 0.5305 0.968739
1 1.58153 0.0405199 1.16531 -0.257329 -1.88278 0.0385981 -1.18055 -1.05462 0.230744 0.337828 -0.606136 -0.0719442 1.21675 -0.38551 0.345701 -0.322001
1 0.536674 -2.14503 0.12594 -1.42602 -1.03165 0.916662 -0.133784 0.854899 -0.923287 -1.34639 0.549172 1.49132 -0.628865 -0.0359514 0.708433 -0.723316
1 -0.423166 0.488247 -2.37527 1.27779 0.70109 0.998772 -1.26852 0.509274 0.56653 0.851789 1.19654 0.143971 -0.602482 -0.869142 -0.298646 0.328502
1 0.968594 0.294439 0.598758 1.15129 1.29451 -0.248328 -2.31489 -0.62425 2.85417 -3.07823 1.21335 1.20567 0.118735 0.614704 -1.66411 -1.55958
1 -0.596711 -0.316656 -0.784344 0.977589 1.07434 -0.103778 1.01548 -0.636544 -0.238344 -0.105856 -1.93566 -1.50042 0.950711 0.757667 0.668267 0.920456
1 -1.5562 -1.07709 0.0092 0.506086 2.07314 -0.768729 3.0877 -0.0286 -0.657607 -0.3921 -0.624593 0.848079 0.630164 1.52071 1.45114 0.719986
1 0.499827 1.75607 -1.66155 -0.633159 -0.336936 1.70465 -1.22781 0.1046 0.375973 0.506555 0.589277 -1.54843 -1.08229 -1.30895 0.639995 0.824509
1 1.73371 -1.66845 -1.21685 -1.31212 -0.826249 2.46977 -2.35063 0.267621 0.349157 -2.14352 1.29646 0.728968 -0.844953 -0.407815 0.326163 -0.521125
1 -0.188796 0.687402 -1.11856 0.658121 0.611637 -1.02829 1.26645 -0.0925632 -0.456437 -0.206733 1.01472 0.207197 -0.937982 -0.013193 0.134947 0.66191
1 -1.72287 0.77305 0.813629 -0.728531 0.309955 -0.0382056 1.05261 1.33975 -0.980164 1.20475 -1.04933 -1.10787 -0.918098 -0.58407 0.205646 -0.302998
1 -0.598158 0.011748 0.04276 0.516588 2.07099 -0.33175 -0.856658 0.310768 1.28352 -2.27485 0.66617 0.916284 -0.601494 0.138384 -1.08467 -0.866136
1 -0.161379 -2.08219 1.15006 -1.32204 -0.354464 0.28595 0.798117 0.358199 -0.792807 -0.620046 -0.487409 1.83058 0.589129 0.116547 1.58282 -0.493959
1 0.864155 -0.0913845 0.562773 1.16728 1.1778 -0.547841 -2.01722 -0.503838 2.4389 -3.1185 1.14987 1.39085 0.0821901 0.723045 -1.79545 -1.52575
1 0.887925 0.673375 -0.481 0.412875 -0.424075 -0.5977 0.622225 -0.2971 -0.62655 0.65985 1.7505 0.29425 -1.1723 -0.523525 0.203925 0.027125
1 0.0992231 -0.0518923 -0.182192 -1.26418 0.468985 3.0701 -2.5184 0.5004 1.78719 -1.59073 -1.18889 -1.87788 -0.139985 -0.0465769 0.206738 -0.693838
1 0.849729 0.103755 0.601329 1.19278 1.30544 -0.511063 -2.11582 -0.586092 2.64708 -3.09886 1.13215 1.31011 0.142501 0.691708 -1.77932 -1.50886
1 0.22459 1.3044 0.667718 0.465152 0.485645 0.724173 -1.83918 0.105985 2.22359 -1.23055 -0.320241 -1.635 -0.364138 0.495408 -1.43417 -1.27321
1 1.09297 0.786343 1.72468 0.183082 0.912854 0.172295 0.521657 -1.82442 1.30812 1.9041 0.533041 -0.525867 0.989195 0.706662 1.04264 -0.167312
1 0.114725 1.63591 0.433418 0.58728 1.11782 0.786686 -2.23624 -0.239401 2.52852 -1.1486 -0.497432 -1.9029 -0.144045 0.20542 -1.43977 -0.977176
1 -1.23431 -0.847598 0.12922 -1.37897 0.586574 0.816904 0.0363953 0.534246 -0.851877 -0.168294 -2.25021 -1.34754 0.0327988 -0.69367 0.925979 0.24319
1 0.449397 0.914512 1.16479 -1.36877 -1.27206 1.64914 -0.413937 0.591975 0.0566017 0.912988 -0.321088 -1.44587 -0.761433 -0.559181 0.992259 -0.868893
1 0.867953 0.565377 1.61329 0.101671 1.04006 0.0327294 0.667177 -1.62018 1.14866 1.56814 0.576247 -0.184306 0.904782 0.731835 0.978341 -0.125471
1 0.31832 -0.710714 -1.82689 1.05023 0.0803098 -1.59378 0.331109 0.0401716 -0.872774 -1.84288 1.11547 0.953167 -1.02331 0.0980974 -1.15607 0.433561
1 0.724078 0.811876 -0.33157 -0.364295 -0.71244 0.440185 -0.00924475 0.272599 -0.377061 0.494583 1.67379 0.297877 -1.35297 -0.911877 0.572679 -0.230739
1 0.0897743 -0.491014 -1.72845 0.836923 0.248981 -1.36933 0.46383 0.180239 -0.754537 -1.77128 1.05853 0.811624 -1.08982 0.136245 -0.976762 0.462829
1 -1.29528 -0.695143 -0.0318299 -1.12324 0.568232 0.588042 0.0697585 0.737377 -0.971327 -0.190478 -1.9256 -1.28944 -0.296508 -0.680882 0.496419 0.144887
1 1.05748 -0.748627 0.619909 -0.951964 -0.755445 0.395109 -0.3374 -0.818773 -0.223591 0.239391 0.358509 1.53285 0.8889 -0.772436 1.6516 0.127436
1 0.371148 2.15392 1.28579 0.6866 0.898874 0.0480222 -0.755252 -0.651422 2.103 0.322756 0.246552 -1.42417 -0.174307 0.348189 -0.647 -0.962389
1 1.46796 -0.332669 0.552199 -0.0500518 -0.335979 0.81288 0.457069 -1.13916 -0.763406 2.04893 0.301945 -1.17527 0.154557 0.12347 0.870613 0.0542819
1 0.512534 1.20118 -1.33379 -0.334779 -0.335983 0.645869 -0.379852 0.160752 -0.149841 0.252338 1.41999 -0.208821 -1.29789 -1.09739 0.475469 0.540945
1 -0.17316 -1.61989 0.0781206 -0.671051 1.43115 -0.767208 0.111013 -1.35011 0.0066573 -0.518258 -1.22977 -0.331251 1.40332 0.839925 -0.489214 1.24894
1 0.383363 2.0318 0.116726 -0.712107 2.08579 3.9397 -3.14457 -0.0793086 3.8017 -1.13408 0.382461 -1.57403 -0.350966 -0.441836 0.908768 -1.06092
1 1.06841 -0.3571 0.220767 0.6988 0.413392 0.0344833 -1.55536 -0.0417167 1.42576 -2.55365 1.45408 1.1411 -0.629892 0.417367 -1.2239 -1.51256
1 0.28837 0.771962 1.10628 0.344619 -0.0767021 -1.17346 1.96867 -0.116243 -0.505489 1.44344 1.5877 0.463317 -1.01268 0.305187 0.382108 -0.596585
1 1.62604 0.147252 1.01383 -0.211993 -1.92921 -0.0366693 -1.21384 -1.13427 0.152799 0.482365 -0.580246 -0.135425 1.22372 -0.49732 0.311698 -0.162183
1 -1.01072 0.0711245 -0.795602 0.73308 1.87591 0.741152 0.706906 -0.554453 0.265854 -0.176016 -2.18066 -1.66215 1.17626 0.606148 1.09895 1.0712
1 0.190167 0.816545 -1.9374 0.305737 0.516728 0.113897 -0.566678 0.0673175 0.32137 -1.11728 1.16101 -0.029245 -1.0794 -0.515725 -0.31331 0.69553
1 0.314172 1.87778 0.0212125 -0.713734 2.03047 3.80047 -3.15136 -0.0970781 3.57955 -1.11627 0.114744 -1.73084 -0.275712 -0.472141 0.774762 -0.933369
1 0.398967 0.91 1.2124 -1.47031 -1.23429 1.69663 -0.34185 0.574658 0.0512583 1.00268 -0.351492 -1.37847 -0.692067 -0.602467 1.17102 -0.811708
1 1.76514 2.36357 -0.0108822 0.597858 -0.211778 2.16503 -3.34263 -0.630225 2.75061 -0.445744 0.471873 -2.39814 -0.562045 -0.578618 -0.684375 -1.22018
1 -1.75891 1.05164 -0.77996 -0.268794 2.72694 0.493305 -0.0765516 0.588323 0.115388 0.0777163 0.124667 -0.368959 -1.11343 -1.41829 0.485114 0.346702
1 0.421917 1.37213 0.0908333 -0.984583 1.3142 3.83663 -3.14597 0.0461833 3.17402 -1.12347 -0.393117 -2.01322 -0.13065 -0.2803 0.63685 -0.931483
1 0.769895 1.08272 -0.737209 -0.424425 -0.664396 0.701802 -0.349168 0.176164 -0.249982 0.534241 1.54112 -0.143762 -1.35696 -1.08499 0.543275 0.0782946
1 -0.94455 0.0480857 -0.726236 0.924071 1.73555 0.165993 1.00772 -0.685186 0.18015 -0.12795 -2.09724 -1.57793 1.14331 0.752157 0.942736 1.06526
1 0.450401 0.356083 1.16257 0.534814 0.273752 -1.36405 1.97424 -0.510839 -0.324363 1.29809 1.63678 0.776102 -0.617638 0.601695 0.326249 -0.51908
1 0.771706 0.270356 0.286189 -1.51029 -0.058929 3.96119 -3.01659 0.417797 2.45556 -1.45544 -0.930978 -2.12595 -0.0782963 0.176172 0.49663 -1.14519
1 0.627059 -1.82702 1.25607 -0.729261 -1.15339 0.614061 -0.936511 -0.298006 1.01233 -1.77198 -1.49457 0.771251 1.72504 0.926881 0.540904 -0.778031
1 -1.52346 0.479818 -1.34121 -0.528146 2.19581 0.838806 -0.964334 0.37466 -0.685083 -0.0372425 -1.53362 -2.34755 -1.00746 -1.75257 -0.065868 0.71759
1 -0.391801 -0.289204 -0.928544 1.38433 0.226067 -1.23082 1.35836 -0.405336 -0.535662 -0.447913 -1.37092 -1.12353 0.35493 0.919446 -0.0925915 0.658279
1 0.785294 0.955464 -0.664255 -0.0515848 -0.473603 0.149006 0.053403 0.0340364 -0.398045 0.473552 1.76546 0.128842 -1.3956 -0.874621 0.360652 0.0148061
1 0.584416 -1.75374 1.24002 -0.78582 -1.06302 0.70772 -0.960385 -0.30521 1.0219 -1.68338 -1.54469 0.652415 1.71247 0.865064 0.59958 -0.734158
1 -0.529152 2.14819 0.521002 0.694136 2.35225 -0.204911 -0.685815 -0.685632 2.09433 0.0197707 0.344286 -0.690954 -0.0906 -0.271894 -0.367416 -0.258013
1 -0.0965785 0.673155 0.969727 -0.363794 -0.741065 -0.364469 1.6346 0.737348 -1.06872 1.28552 1.03992 0.294098 -1.32143 -0.328466 0.783401 -0.706639
1 1.16806 1.09871 1.07645 0.485567 -0.999742 -0.188783 -0.303408 -0.375867 0.588308 0.583125 0.354225 -1.53556 -0.642992 0.450458 -0.816458 -1.08585
1 0.472715 1.44716 -1.4457 -0.400385 -0.255915 1.04164 -0.7241 0.114423 0.138185 0.289531 1.04618 -0.736492 -1.16712 -1.16413 0.549431 0.635138
1 -1.57697 -1.25306 -0.0951333 0.461533 2.17179 -0.597944 2.92878 -0.00652222 -0.641678 -0.569256 -0.7237 0.867556 0.710622 1.52848 1.44014 0.758967
1 0.332585 1.99245 0.0989467 -0.756952 2.05802 3.90539 -3.08758 -0.0652533 3.68137 -1.07007 0.290242 -1.62672 -0.345708 -0.480987 0.930803 -1.00318
1 -0.494591 2.17478 0.778856 0.660568 2.05924 -0.304918 -0.366029 -0.633787 1.91649 0.335297 0.254111 -0.87198 -0.120427 -0.106143 -0.335623 -0.341083
1 0.851176 1.34658 -0.849721 -0.426884 -0.589997 1.04556 -0.772724 0.0915526 0.108811 0.5235 1.42785 -0.486016 -1.28286 -1.15449 0.517703 0.111497
1 0.308167 1.34479 -1.05718 0.659671 0.247933 -0.561371 0.656062 -0.335712 -0.215629 0.400179 1.06988 -0.518425 -1.0479 -0.453888 0.218379 0.553904
1 0.149865 0.199817 -0.635494 -0.0767229 -1.31436 -1.46571 -0.0904771 -0.445424 -0.667546 -0.457749 -0.821104 0.0605228 0.838972 -0.0825147 -0.731311 1.33192
1 -0.253256 -1.96388 -0.900253 -1.46816 0.712144 2.22676 -1.93224 -0.059384 0.687982 -1.96404 -2.02101 -0.76915 0.869334 -0.294294 0.927126 0.339985
1 0.529022 0.847356 -1.79203 -0.0560889 0.0915556 0.648344 -0.864194 0.0322333 0.235472 -0.611894 1.31674 -0.0947444 -1.10743 -0.862828 0.0669333 0.614517
1 0.370164 -2.53664 0.481559 0.410753 0.255199 -1.66303 0.462674 -1.0959 0.575609 -1.60279 -0.622318 0.904013 1.49745 2.10099 -1.11269 0.0866608
1 0.703426 -0.416972 0.673071 0.717127 -0.171226 -1.6002 1.60941 -0.400064 -0.741956 0.659983 1.65774 1.11447 -0.659758 0.643689 -0.228465 -0.537658
1 0.661024 0.840997 -0.383095 -0.681875 -0.898742 0.70024 -0.0238614 0.362172 -0.510556 0.708567 1.46139 0.0803318 -1.34595 -1.06018 0.814557 -0.0772375
1 0.9424 2.39113 -1.39855 0.416825 0.18605 1.2235 -1.84675 -0.4998 1.33345 0.2136 1.02117 -1.47728 -0.909825 -1.27828 0.0408 0.327725
1 0.686642 0.325992 -0.245925 -0.0462083 -1.53177 -0.992683 -0.4793 -0.701292 -0.632092 0.119517 -0.655792 -0.121892 0.810525 -0.526708 -0.31445 0.908408
1 0.903045 -0.599903 -2.46216 -1.48718 -0.190161 2.52901 -2.03339 0.137092 0.407575 -1.37312 0.846173 -0.0852449 -0.640667 -0.758399 0.676213 1.04572
1 2.10551 0.656463 -0.591921 1.18967 -1.21433 1.0466 -3.23216 -0.533172 2.48547 -2.06229 0.663916 -0.848295 -0.196308 0.113412 -1.3805 -1.35901
1 1.67997 2.34675 -0.955275 1.2867 -0.304825 0.657575 -2.5645 -1.14298 1.8218 0.07755 0.5276 -2.01852 -0.35005 -0.947225 -0.818875 -0.172725
1 -0.393819 -1.86463 -1.19044 -1.36474 1.00246 2.07944 -1.94031 -0.124137 0.46005 -1.87908 -2.04743 -0.921656 0.745163 -0.568312 0.84325 0.5558
1 1.0557 -0.488816 -0.0101326 0.366157 0.0114188 0.345954 -1.23319 0.346842 0.78583 -2.17548 1.66631 1.02971 -1.13854 0.225606 -0.950239 -1.46747
